<?xml version="1.0" encoding="UTF-8"?>
<!-- Generated by org.testng.reporters.JUnitXMLReporter -->
<testsuite hostname="LAPTOP-6FNG226P" ignored="0" name="SmokeTest" tests="2" failures="0" timestamp="2020-04-09T19:28:39 IST" time="0.26" errors="0">
  <testcase name="@BeforeMethod startUp" time="0.141" classname="automation.library.selenium.BaseTest">
    <failure type="java.lang.NullPointerException">
      <![CDATA[java.lang.NullPointerException
at org.json.JSONObject.getNames(JSONObject.java:671)
at automation.library.common.FileHelper.getJSONToMap(FileHelper.java:57)
at automation.library.common.FileHelper.getJSONObjectToMap(FileHelper.java:35)
at automation.library.selenium.BaseTest.startUp(BaseTest.java:51)
at java.util.concurrent.ThreadPoolExecutor.runWorker(ThreadPoolExecutor.java:1149)
at java.util.concurrent.ThreadPoolExecutor$Worker.run(ThreadPoolExecutor.java:624)
at java.lang.Thread.run(Thread.java:748)
... Removed 16 stack frames]]>
    </failure>
  </testcase> <!-- @BeforeMethod startUp -->
  <testcase name="@BeforeMethod startUp" time="0.141" classname="automation.library.selenium.BaseTest">
    <failure type="java.lang.NullPointerException">
      <![CDATA[java.lang.NullPointerException
at org.json.JSONObject.getNames(JSONObject.java:671)
at automation.library.common.FileHelper.getJSONToMap(FileHelper.java:57)
at automation.library.common.FileHelper.getJSONObjectToMap(FileHelper.java:35)
at automation.library.selenium.BaseTest.startUp(BaseTest.java:51)
at java.util.concurrent.ThreadPoolExecutor.runWorker(ThreadPoolExecutor.java:1149)
at java.util.concurrent.ThreadPoolExecutor$Worker.run(ThreadPoolExecutor.java:624)
at java.lang.Thread.run(Thread.java:748)
... Removed 16 stack frames]]>
    </failure>
  </testcase> <!-- @BeforeMethod startUp -->
  <testcase name="@AfterMethod afterMethod" time="-1.586440719833E9" classname="automation.library.selenium.BaseTest">
    <skipped/>
  </testcase> <!-- @AfterMethod afterMethod -->
  <testcase name="@AfterMethod afterMethod" time="-1.586440719833E9" classname="automation.library.selenium.BaseTest">
    <skipped/>
  </testcase> <!-- @AfterMethod afterMethod -->
  <testcase name="FacebookRegistration" time="0.0" classname="automation.testsuite.SmokeSuite">
    <skipped/>
  </testcase> <!-- FacebookRegistration -->
  <testcase name="FacebookLogin" time="0.0" classname="automation.testsuite.SmokeSuite">
    <skipped/>
  </testcase> <!-- FacebookLogin -->
</testsuite> <!-- SmokeTest -->
